<?xml version="1.0" encoding="UTF-8"?>
<testsuite name="com.secretemanager.SecreteManagerApplicationTests" tests="1" skipped="0" failures="0" errors="0" timestamp="2023-07-17T08:11:20" hostname="E20113-TECH" time="0.213">
  <properties/>
  <testcase name="contextLoads()" classname="com.secretemanager.SecreteManagerApplicationTests" time="0.213"/>
  <system-out><![CDATA[13:41:19.050 [Test worker] DEBUG org.springframework.test.context.BootstrapUtils - Instantiating CacheAwareContextLoaderDelegate from class [org.springframework.test.context.cache.DefaultCacheAwareContextLoaderDelegate]
13:41:19.060 [Test worker] DEBUG org.springframework.test.context.BootstrapUtils - Instantiating BootstrapContext using constructor [public org.springframework.test.context.support.DefaultBootstrapContext(java.lang.Class,org.springframework.test.context.CacheAwareContextLoaderDelegate)]
13:41:19.084 [Test worker] DEBUG org.springframework.test.context.BootstrapUtils - Instantiating TestContextBootstrapper for test class [com.secretemanager.SecreteManagerApplicationTests] from class [org.springframework.boot.test.context.SpringBootTestContextBootstrapper]
13:41:19.091 [Test worker] INFO org.springframework.boot.test.context.SpringBootTestContextBootstrapper - Neither @ContextConfiguration nor @ContextHierarchy found for test class [com.secretemanager.SecreteManagerApplicationTests], using SpringBootContextLoader
13:41:19.093 [Test worker] DEBUG org.springframework.test.context.support.AbstractContextLoader - Did not detect default resource location for test class [com.secretemanager.SecreteManagerApplicationTests]: class path resource [com/secretemanager/SecreteManagerApplicationTests-context.xml] does not exist
13:41:19.094 [Test worker] DEBUG org.springframework.test.context.support.AbstractContextLoader - Did not detect default resource location for test class [com.secretemanager.SecreteManagerApplicationTests]: class path resource [com/secretemanager/SecreteManagerApplicationTestsContext.groovy] does not exist
13:41:19.094 [Test worker] INFO org.springframework.test.context.support.AbstractContextLoader - Could not detect default resource locations for test class [com.secretemanager.SecreteManagerApplicationTests]: no resource found for suffixes {-context.xml, Context.groovy}.
13:41:19.094 [Test worker] INFO org.springframework.test.context.support.AnnotationConfigContextLoaderUtils - Could not detect default configuration classes for test class [com.secretemanager.SecreteManagerApplicationTests]: SecreteManagerApplicationTests does not declare any static, non-private, non-final, nested classes annotated with @Configuration.
13:41:19.123 [Test worker] DEBUG org.springframework.test.context.support.ActiveProfilesUtils - Could not find an 'annotation declaring class' for annotation type [org.springframework.test.context.ActiveProfiles] and class [com.secretemanager.SecreteManagerApplicationTests]
13:41:19.167 [Test worker] DEBUG org.springframework.context.annotation.ClassPathScanningCandidateComponentProvider - Identified candidate component class: file [/home/e20113/SecreteManagerPOC/SecreteManager/build/classes/java/main/com/secretemanager/SecreteManagerApplication.class]
13:41:19.168 [Test worker] INFO org.springframework.boot.test.context.SpringBootTestContextBootstrapper - Found @SpringBootConfiguration com.secretemanager.SecreteManagerApplication for test class com.secretemanager.SecreteManagerApplicationTests
13:41:19.245 [Test worker] DEBUG org.springframework.boot.test.context.SpringBootTestContextBootstrapper - @TestExecutionListeners is not present for class [com.secretemanager.SecreteManagerApplicationTests]: using defaults.
13:41:19.245 [Test worker] INFO org.springframework.boot.test.context.SpringBootTestContextBootstrapper - Loaded default TestExecutionListener class names from location [META-INF/spring.factories]: [org.springframework.boot.test.autoconfigure.restdocs.RestDocsTestExecutionListener, org.springframework.boot.test.autoconfigure.web.client.MockRestServiceServerResetTestExecutionListener, org.springframework.boot.test.autoconfigure.web.servlet.MockMvcPrintOnlyOnFailureTestExecutionListener, org.springframework.boot.test.autoconfigure.web.servlet.WebDriverTestExecutionListener, org.springframework.boot.test.autoconfigure.webservices.client.MockWebServiceServerTestExecutionListener, org.springframework.boot.test.mock.mockito.MockitoTestExecutionListener, org.springframework.boot.test.mock.mockito.ResetMocksTestExecutionListener, org.springframework.test.context.web.ServletTestExecutionListener, org.springframework.test.context.support.DirtiesContextBeforeModesTestExecutionListener, org.springframework.test.context.event.ApplicationEventsTestExecutionListener, org.springframework.test.context.support.DependencyInjectionTestExecutionListener, org.springframework.test.context.support.DirtiesContextTestExecutionListener, org.springframework.test.context.transaction.TransactionalTestExecutionListener, org.springframework.test.context.jdbc.SqlScriptsTestExecutionListener, org.springframework.test.context.event.EventPublishingTestExecutionListener]
13:41:19.257 [Test worker] DEBUG org.springframework.boot.test.context.SpringBootTestContextBootstrapper - Skipping candidate TestExecutionListener [org.springframework.test.context.transaction.TransactionalTestExecutionListener] due to a missing dependency. Specify custom listener classes or make the default listener classes and their required dependencies available. Offending class: [org/springframework/transaction/TransactionDefinition]
13:41:19.258 [Test worker] DEBUG org.springframework.boot.test.context.SpringBootTestContextBootstrapper - Skipping candidate TestExecutionListener [org.springframework.test.context.jdbc.SqlScriptsTestExecutionListener] due to a missing dependency. Specify custom listener classes or make the default listener classes and their required dependencies available. Offending class: [org/springframework/transaction/interceptor/TransactionAttribute]
13:41:19.258 [Test worker] INFO org.springframework.boot.test.context.SpringBootTestContextBootstrapper - Using TestExecutionListeners: [org.springframework.test.context.web.ServletTestExecutionListener@3704122f, org.springframework.test.context.support.DirtiesContextBeforeModesTestExecutionListener@3153ddfc, org.springframework.test.context.event.ApplicationEventsTestExecutionListener@60afd40d, org.springframework.boot.test.mock.mockito.MockitoTestExecutionListener@28a2a3e7, org.springframework.boot.test.autoconfigure.SpringBootDependencyInjectionTestExecutionListener@3f2049b6, org.springframework.test.context.support.DirtiesContextTestExecutionListener@10b3df93, org.springframework.test.context.event.EventPublishingTestExecutionListener@ea27e34, org.springframework.boot.test.autoconfigure.restdocs.RestDocsTestExecutionListener@33a2499c, org.springframework.boot.test.autoconfigure.web.client.MockRestServiceServerResetTestExecutionListener@e72dba7, org.springframework.boot.test.autoconfigure.web.servlet.MockMvcPrintOnlyOnFailureTestExecutionListener@33c2bd, org.springframework.boot.test.autoconfigure.web.servlet.WebDriverTestExecutionListener@1dfd5f51, org.springframework.boot.test.autoconfigure.webservices.client.MockWebServiceServerTestExecutionListener@3c321bdb, org.springframework.boot.test.mock.mockito.ResetMocksTestExecutionListener@24855019]
13:41:19.261 [Test worker] DEBUG org.springframework.test.context.support.AbstractDirtiesContextTestExecutionListener - Before test class: context [DefaultTestContext@1cefc4b3 testClass = SecreteManagerApplicationTests, testInstance = [null], testMethod = [null], testException = [null], mergedContextConfiguration = [WebMergedContextConfiguration@2b27cc70 testClass = SecreteManagerApplicationTests, locations = '{}', classes = '{class com.secretemanager.SecreteManagerApplication}', contextInitializerClasses = '[]', activeProfiles = '{}', propertySourceLocations = '{}', propertySourceProperties = '{org.springframework.boot.test.context.SpringBootTestContextBootstrapper=true}', contextCustomizers = set[org.springframework.boot.test.autoconfigure.actuate.metrics.MetricsExportContextCustomizerFactory$DisableMetricExportContextCustomizer@15cafec7, org.springframework.boot.test.autoconfigure.properties.PropertyMappingContextCustomizer@0, org.springframework.boot.test.autoconfigure.web.servlet.WebDriverContextCustomizerFactory$Customizer@726e5805, org.springframework.boot.test.context.filter.ExcludeFilterContextCustomizer@ed3068a, org.springframework.boot.test.json.DuplicateJsonObjectContextCustomizerFactory$DuplicateJsonObjectContextCustomizer@a8e6492, org.springframework.boot.test.mock.mockito.MockitoContextCustomizer@0, org.springframework.boot.test.web.client.TestRestTemplateContextCustomizer@5b07730f, org.springframework.boot.test.context.SpringBootTestArgs@1, org.springframework.boot.test.context.SpringBootTestWebEnvironment@407a7f2a], resourceBasePath = 'src/main/webapp', contextLoader = 'org.springframework.boot.test.context.SpringBootContextLoader', parent = [null]], attributes = map['org.springframework.test.context.web.ServletTestExecutionListener.activateListener' -> true]], class annotated with @DirtiesContext [false] with mode [null].
13:41:19.290 [Test worker] DEBUG org.springframework.test.context.support.TestPropertySourceUtils - Adding inlined properties to environment: {spring.jmx.enabled=false, org.springframework.boot.test.context.SpringBootTestContextBootstrapper=true}

  .   ____          _            __ _ _
 /\\ / ___'_ __ _ _(_)_ __  __ _ \ \ \ \
( ( )\___ | '_ | '_| | '_ \/ _` | \ \ \ \
 \\/  ___)| |_)| | | | | || (_| |  ) ) ) )
  '  |____| .__|_| |_|_| |_\__, | / / / /
 =========|_|==============|___/=/_/_/_/
 :: Spring Boot ::                (v2.4.4)

2023-07-17 13:41:19.463  INFO 244896 --- [    Test worker] c.s.SecreteManagerApplicationTests       : Starting SecreteManagerApplicationTests using Java 17.0.7 on E20113-TECH with PID 244896 (started by e20113 in /home/e20113/SecreteManagerPOC/SecreteManager)
2023-07-17 13:41:19.466  INFO 244896 --- [    Test worker] c.s.SecreteManagerApplicationTests       : No active profile set, falling back to default profiles: default
2023-07-17 13:41:20.301  INFO 244896 --- [    Test worker] o.s.s.concurrent.ThreadPoolTaskExecutor  : Initializing ExecutorService 'applicationTaskExecutor'
2023-07-17 13:41:20.525  INFO 244896 --- [    Test worker] c.s.SecreteManagerApplicationTests       : Started SecreteManagerApplicationTests in 1.228 seconds (JVM running for 2.056)
]]></system-out>
  <system-err><![CDATA[]]></system-err>
</testsuite>
